<?xml version="1.0" encoding="UTF-8"?>
<!-- Generated by org.testng.reporters.JUnitReportReporter -->
<testsuite hostname="LTIN264696" failures="0" tests="2" name="TestCases.TC_002_Giftcards" time="102.483" errors="0" timestamp="2024-02-06T01:06:37 IST" skipped="0">
  <testcase classname="TestCases.TC_002_Giftcards" name="displaycab" time="52.141"/>
  <testcase classname="TestCases.TC_002_Giftcards" name="giftcards" time="50.342"/>
</testsuite> <!-- TestCases.TC_002_Giftcards -->
