<?xml version="1.0" encoding="UTF-8"?>
<!-- Generated by org.testng.reporters.JUnitReportReporter -->
<testsuite hostname="LTIN264696" failures="0" tests="1" name="TestCases.TC_001_Displaylowestcab" time="57.009" errors="0" timestamp="2024-02-05T13:15:17 IST" skipped="0">
  <testcase classname="TestCases.TC_001_Displaylowestcab" name="displaycab" time="57.009"/>
</testsuite> <!-- TestCases.TC_001_Displaylowestcab -->
