<?xml version="1.0" encoding="UTF-8"?>
<!-- Generated by org.testng.reporters.JUnitReportReporter -->
<testsuite hostname="LTIN264696" failures="0" tests="3" name="TestCases.TC_003_Hotels" time="139.083" errors="0" timestamp="2024-02-12T19:01:09 IST" skipped="0">
  <testcase classname="TestCases.TC_003_Hotels" name="displaycab" time="74.458"/>
  <testcase classname="TestCases.TC_003_Hotels" name="giftcards" time="48.377"/>
  <testcase classname="TestCases.TC_003_Hotels" name="Hotels" time="16.248"/>
</testsuite> <!-- TestCases.TC_003_Hotels -->
